warning package.json: No license field
$ storybook build --output-dir /tmp/chromatic--173005-n2M70PHJBIYO
@storybook/cli v7.6.6

info => Cleaning outputDir: /tmp/chromatic--173005-n2M70PHJBIYO
info => Loading presets
info => Building manager..
info => Manager built (121 ms)
info => Building preview..
info => Copying static files: /home/tanik/Documents/Repositories/maria_university_diploma/app/node_modules/@storybook/manager/static at /tmp/chromatic--173005-n2M70PHJBIYO/sb-common-assets

vite v4.5.0 building for production...

./sb-common-assets/fonts.css doesn't exist at build time, it will remain unchanged to be resolved at runtime
transforming...
node_modules/telejson/dist/index.mjs (1413:15) Use of eval in "node_modules/telejson/dist/index.mjs" is strongly discouraged as it poses security risks and may cause issues with minification.
node_modules/telejson/dist/index.mjs (1416:18) Use of eval in "node_modules/telejson/dist/index.mjs" is strongly discouraged as it poses security risks and may cause issues with minification.
✓ 538 modules transformed.
rendering chunks...
computing gzip size...
../../../../../../tmp/chromatic--173005-n2M70PHJBIYO/iframe.html                                     12.60 kB │ gzip:   3.59 kB
../../../../../../tmp/chromatic--173005-n2M70PHJBIYO/assets/preview-ba2273f4.js                       0.15 kB │ gzip:   0.15 kB
../../../../../../tmp/chromatic--173005-n2M70PHJBIYO/assets/_commonjsHelpers-725317a4.js              0.24 kB │ gzip:   0.18 kB
../../../../../../tmp/chromatic--173005-n2M70PHJBIYO/assets/WithTooltip-V3YHNWJZ-7508e3be.js          0.32 kB │ gzip:   0.22 kB
../../../../../../tmp/chromatic--173005-n2M70PHJBIYO/assets/syntaxhighlighter-V7JZZA35-842babe6.js    0.33 kB │ gzip:   0.24 kB
../../../../../../tmp/chromatic--173005-n2M70PHJBIYO/assets/lifecycle-5f6a443e.js                     0.34 kB │ gzip:   0.21 kB
../../../../../../tmp/chromatic--173005-n2M70PHJBIYO/assets/preview-62387909.js                       0.42 kB │ gzip:   0.27 kB
../../../../../../tmp/chromatic--173005-n2M70PHJBIYO/assets/preview-73104b77.js                       0.64 kB │ gzip:   0.44 kB
../../../../../../tmp/chromatic--173005-n2M70PHJBIYO/assets/index-06c250b0.js                         0.74 kB │ gzip:   0.43 kB
../../../../../../tmp/chromatic--173005-n2M70PHJBIYO/assets/index-356e4a49.js                         0.77 kB │ gzip:   0.47 kB
../../../../../../tmp/chromatic--173005-n2M70PHJBIYO/assets/preview-0ef86afd.js                       0.86 kB │ gzip:   0.55 kB
../../../../../../tmp/chromatic--173005-n2M70PHJBIYO/assets/preview-2e11ef0e.js                       1.04 kB │ gzip:   0.68 kB
../../../../../../tmp/chromatic--173005-n2M70PHJBIYO/assets/preview-77a968f3.js                       2.53 kB │ gzip:   1.29 kB
../../../../../../tmp/chromatic--173005-n2M70PHJBIYO/assets/index-11d98b33.js                         2.59 kB │ gzip:   1.26 kB
../../../../../../tmp/chromatic--173005-n2M70PHJBIYO/assets/preview-errors-dde4324f.js                2.80 kB │ gzip:   1.29 kB
../../../../../../tmp/chromatic--173005-n2M70PHJBIYO/assets/preview-30b54f76.js                       3.21 kB │ gzip:   1.37 kB
../../../../../../tmp/chromatic--173005-n2M70PHJBIYO/assets/preview-c4d243a0.js                       3.21 kB │ gzip:   1.67 kB
../../../../../../tmp/chromatic--173005-n2M70PHJBIYO/assets/entry-preview-docs-b3c8bf9b.js            3.21 kB │ gzip:   1.54 kB
../../../../../../tmp/chromatic--173005-n2M70PHJBIYO/assets/iframe-00485f50.js                        3.97 kB │ gzip:   1.55 kB
../../../../../../tmp/chromatic--173005-n2M70PHJBIYO/assets/entry-preview-b5c3e0c0.js                 7.50 kB │ gzip:   2.55 kB
../../../../../../tmp/chromatic--173005-n2M70PHJBIYO/assets/preview-da31036b.js                       7.62 kB │ gzip:   1.56 kB
../../../../../../tmp/chromatic--173005-n2M70PHJBIYO/assets/index-ee115435.js                         7.63 kB │ gzip:   3.12 kB
../../../../../../tmp/chromatic--173005-n2M70PHJBIYO/assets/preview-c56bf6ac.js                       8.28 kB │ gzip:   3.16 kB
../../../../../../tmp/chromatic--173005-n2M70PHJBIYO/assets/title.stories-060882a4.js                12.55 kB │ gzip:   4.18 kB
../../../../../../tmp/chromatic--173005-n2M70PHJBIYO/assets/Color-6VNJS4EI-0b218b7e.js               30.93 kB │ gzip:  11.60 kB
../../../../../../tmp/chromatic--173005-n2M70PHJBIYO/assets/index-979414e8.js                        64.16 kB │ gzip:  18.31 kB
../../../../../../tmp/chromatic--173005-n2M70PHJBIYO/assets/preview-8f310eab.js                      72.07 kB │ gzip:  24.33 kB
../../../../../../tmp/chromatic--173005-n2M70PHJBIYO/assets/axe-db713ca6.js                         556.42 kB │ gzip: 152.72 kB
../../../../../../tmp/chromatic--173005-n2M70PHJBIYO/assets/formatter-SWP5E3XI-d716c519.js          601.52 kB │ gzip: 184.98 kB
../../../../../../tmp/chromatic--173005-n2M70PHJBIYO/assets/DocsRenderer-NNNQARDV-f4e7defe.js       684.70 kB │ gzip: 222.75 kB

(!) Some chunks are larger than 500 kBs after minification. Consider:
- Using dynamic import() to code-split the application
- Use build.rollupOptions.output.manualChunks to improve chunking: https://rollupjs.org/configuration-options/#output-manualchunks
- Adjust chunk size limit for this warning via build.chunkSizeWarningLimit.
✓ built in 7.72s
info => Preview built (8.54 s)
info => Output directory: /tmp/chromatic--173005-n2M70PHJBIYO
